d:\v5\build\win\gl\debug\canvas.obj
d:\v5\build\win\gl\debug\gl.obj
d:\v5\build\win\gl\debug\mathematics.obj
d:\v5\build\win\gl\debug\matrix3.obj
d:\v5\build\win\gl\debug\matrix4.obj
d:\v5\build\win\gl\debug\vector3.obj
d:\v5\build\win\gl\debug\vector4.obj
d:\v5\build\win\gl\debug\main.obj
d:\v5\build\win\gl\debug\vc100.pdb
d:\v5\build\win\debug\gl.ilk
d:\v5\build\win\debug\gl.exe
d:\v5\build\win\gl\debug\gl.exe.intermediate.manifest
d:\v5\build\win\debug\gl.pdb
d:\v5\build\win\gl\debug\cl.command.1.tlog
d:\v5\build\win\gl\debug\cl.read.1.tlog
d:\v5\build\win\gl\debug\cl.write.1.tlog
d:\v5\build\win\gl\debug\link.command.1.tlog
d:\v5\build\win\gl\debug\link.read.1.tlog
d:\v5\build\win\gl\debug\link.write.1.tlog
d:\v5\build\win\gl\debug\mt.command.1.tlog
d:\v5\build\win\gl\debug\mt.read.1.tlog
d:\v5\build\win\gl\debug\mt.write.1.tlog
d:\v5\build\win\gl\debug\vc100.idb
