生成启动时间为 2012/2/26 20:19:54。
     1>项目“D:\Dropbox\Engine5\freeglut-2.8.0\VisualStudio\2010\Fractals\Fractals.vcxproj”在节点 2 上(build 个目标)。
     1>InitializeBuildStatus:
         正在创建“Release_Static\Win32_v100\Fractals.unsuccessfulbuild”，因为已指定“AlwaysCreate”。
       ClCompile:
         c:\Program Files\Microsoft Visual Studio 10.0\VC\bin\CL.exe /c /I..\..\..\include /Zi /nologo /W3 /WX- /O2 /Oi /Oy- /GL /D WIN32 /D NDEBUG /D _CONSOLE /D FREEGLUT_STATIC /D _UNICODE /D UNICODE /Gm- /EHsc /MT /GS /Gy /fp:precise /Zc:wchar_t /Zc:forScope /Fo"Release_Static\Win32_v100\\" /Fd"Release_Static\Win32_v100\vc100.pdb" /Gd /TC /wd4996 /analyze- /errorReport:prompt ..\..\..\progs\demos\Fractals\fractals.c
         fractals.c
       Link:
         c:\Program Files\Microsoft Visual Studio 10.0\VC\bin\link.exe /ERRORREPORT:PROMPT /OUT:"..\..\..\progs\demos\x86\release_static\Fractals.exe" /INCREMENTAL:NO /NOLOGO /LIBPATH:..\..\..\lib\x86\ kernel32.lib user32.lib gdi32.lib winspool.lib comdlg32.lib advapi32.lib shell32.lib ole32.lib oleaut32.lib uuid.lib odbc32.lib odbccp32.lib /MANIFEST /ManifestFile:"Release_Static\Win32_v100\Fractals.exe.intermediate.manifest" /MANIFESTUAC:"level='asInvoker' uiAccess='false'" /PDB:"D:\Dropbox\Engine5\freeglut-2.8.0\progs\demos\x86\release_static\Fractals.pdb" /SUBSYSTEM:CONSOLE /OPT:REF /OPT:ICF /LTCG /TLBID:1 /DYNAMICBASE /NXCOMPAT /IMPLIB:"..\..\..\progs\demos\x86\release_static\Fractals.lib" /MACHINE:X86 Release_Static\Win32_v100\fractals.obj
         正在生成代码
         已完成代码的生成
         Fractals.vcxproj -> D:\Dropbox\Engine5\freeglut-2.8.0\VisualStudio\2010\Fractals\..\..\..\progs\demos\x86\release_static\Fractals.exe
       Manifest:
         C:\Program Files\Microsoft SDKs\Windows\v7.0A\bin\mt.exe /nologo /verbose /outputresource:"..\..\..\progs\demos\x86\release_static\Fractals.exe;#1" /manifest Release_Static\Win32_v100\Fractals.exe.intermediate.manifest
       FinalizeBuildStatus:
         正在删除文件“Release_Static\Win32_v100\Fractals.unsuccessfulbuild”。
         正在对“Release_Static\Win32_v100\Fractals.lastbuildstate”执行 Touch 任务。
     1>已完成生成项目“D:\Dropbox\Engine5\freeglut-2.8.0\VisualStudio\2010\Fractals\Fractals.vcxproj”(build 个目标)的操作。

生成成功。

已用时间 00:00:01.96
