D:\Dropbox\freetype-2.4.8\builds\win32\vc2010\.\..\..\..\objs\win32\vc2010\freetype248MT_D.lib
D:\Dropbox\freetype-2.4.8\objs\debug_mt\autofit.obj
D:\Dropbox\freetype-2.4.8\objs\debug_mt\bdf.obj
D:\Dropbox\freetype-2.4.8\objs\debug_mt\cff.obj
D:\Dropbox\freetype-2.4.8\objs\debug_mt\CL.1220.read.1.tlog
D:\Dropbox\freetype-2.4.8\objs\debug_mt\CL.1220.write.1.tlog
D:\Dropbox\freetype-2.4.8\objs\debug_mt\CL.2776.read.1.tlog
D:\Dropbox\freetype-2.4.8\objs\debug_mt\CL.2776.write.1.tlog
D:\Dropbox\freetype-2.4.8\objs\debug_mt\cl.command.1.tlog
D:\Dropbox\freetype-2.4.8\objs\debug_mt\CL.read.1.tlog
D:\Dropbox\freetype-2.4.8\objs\debug_mt\cl.write.1.tlog
D:\Dropbox\freetype-2.4.8\objs\debug_mt\ftbase.obj
D:\Dropbox\freetype-2.4.8\objs\debug_mt\ftbbox.obj
D:\Dropbox\freetype-2.4.8\objs\debug_mt\ftbitmap.obj
D:\Dropbox\freetype-2.4.8\objs\debug_mt\ftcache.obj
D:\DROPBOX\FREETYPE-2.4.8\OBJS\DEBUG_MT\FTDEBUG.OBJ
D:\Dropbox\freetype-2.4.8\objs\debug_mt\ftfstype.obj
D:\Dropbox\freetype-2.4.8\objs\debug_mt\ftgasp.obj
D:\Dropbox\freetype-2.4.8\objs\debug_mt\ftglyph.obj
D:\Dropbox\freetype-2.4.8\objs\debug_mt\ftgxval.obj
D:\Dropbox\freetype-2.4.8\objs\debug_mt\ftgzip.obj
D:\Dropbox\freetype-2.4.8\objs\debug_mt\ftinit.obj
D:\Dropbox\freetype-2.4.8\objs\debug_mt\ftlcdfil.obj
D:\Dropbox\freetype-2.4.8\objs\debug_mt\ftlzw.obj
D:\Dropbox\freetype-2.4.8\objs\debug_mt\ftmm.obj
D:\Dropbox\freetype-2.4.8\objs\debug_mt\ftotval.obj
D:\Dropbox\freetype-2.4.8\objs\debug_mt\ftpatent.obj
D:\Dropbox\freetype-2.4.8\objs\debug_mt\ftpfr.obj
D:\Dropbox\freetype-2.4.8\objs\debug_mt\ftstroke.obj
D:\Dropbox\freetype-2.4.8\objs\debug_mt\ftsynth.obj
D:\Dropbox\freetype-2.4.8\objs\debug_mt\ftsystem.obj
D:\Dropbox\freetype-2.4.8\objs\debug_mt\fttype1.obj
D:\Dropbox\freetype-2.4.8\objs\debug_mt\ftwinfnt.obj
D:\Dropbox\freetype-2.4.8\objs\debug_mt\ftxf86.obj
D:\Dropbox\freetype-2.4.8\objs\debug_mt\lib.command.1.tlog
D:\Dropbox\freetype-2.4.8\objs\debug_mt\Lib-link.read.1.tlog
D:\Dropbox\freetype-2.4.8\objs\debug_mt\Lib-link.write.1.tlog
D:\Dropbox\freetype-2.4.8\objs\debug_mt\pcf.obj
D:\Dropbox\freetype-2.4.8\objs\debug_mt\pfr.obj
D:\Dropbox\freetype-2.4.8\objs\debug_mt\psaux.obj
D:\Dropbox\freetype-2.4.8\objs\debug_mt\pshinter.obj
D:\Dropbox\freetype-2.4.8\objs\debug_mt\psmodule.obj
D:\Dropbox\freetype-2.4.8\objs\debug_mt\raster.obj
D:\Dropbox\freetype-2.4.8\objs\debug_mt\sfnt.obj
D:\Dropbox\freetype-2.4.8\objs\debug_mt\smooth.obj
D:\Dropbox\freetype-2.4.8\objs\debug_mt\truetype.obj
D:\Dropbox\freetype-2.4.8\objs\debug_mt\type1.obj
D:\Dropbox\freetype-2.4.8\objs\debug_mt\type1cid.obj
D:\Dropbox\freetype-2.4.8\objs\debug_mt\type42.obj
D:\DROPBOX\FREETYPE-2.4.8\OBJS\DEBUG_MT\VC100.PDB
D:\Dropbox\freetype-2.4.8\objs\debug_mt\winfnt.obj
D:\DROPBOX\FREETYPE-2.4.8\OBJS\WIN32\VC2010\FREETYPE248MT_D.LIB
