生成启动时间为 2012/2/26 20:17:59。
     1>项目“D:\Dropbox\Engine5\freeglut-2.8.0\VisualStudio\2010\shapes\shapes.vcxproj”在节点 3 上(build 个目标)。
     1>InitializeBuildStatus:
         正在创建“Debug_Static\Win32_v100\shapes.unsuccessfulbuild”，因为已指定“AlwaysCreate”。
       ClCompile:
         c:\Program Files\Microsoft Visual Studio 10.0\VC\bin\CL.exe /c /I..\..\..\include /ZI /nologo /W3 /WX- /Od /Oy- /D WIN32 /D _DEBUG /D _CONSOLE /D FREEGLUT_STATIC /D _UNICODE /D UNICODE /Gm /EHsc /RTC1 /MTd /GS /fp:precise /Zc:wchar_t /Zc:forScope /Fo"Debug_Static\Win32_v100\\" /Fd"Debug_Static\Win32_v100\vc100.pdb" /Gd /TC /wd4996 /analyze- /errorReport:prompt ..\..\..\progs\demos\shapes\shapes.c
         shapes.c
       ManifestResourceCompile:
         C:\Program Files\Microsoft SDKs\Windows\v7.0A\bin\rc.exe /nologo /fo"Debug_Static\Win32_v100\shapes.exe.embed.manifest.res" Debug_Static\Win32_v100\shapes_manifest.rc 
       Link:
         c:\Program Files\Microsoft Visual Studio 10.0\VC\bin\link.exe /ERRORREPORT:PROMPT /OUT:"..\..\..\progs\demos\x86\debug_static\shapes.exe" /INCREMENTAL /NOLOGO /LIBPATH:..\..\..\lib\x86\debug\ kernel32.lib user32.lib gdi32.lib winspool.lib comdlg32.lib advapi32.lib shell32.lib ole32.lib oleaut32.lib uuid.lib odbc32.lib odbccp32.lib /MANIFEST /ManifestFile:"Debug_Static\Win32_v100\shapes.exe.intermediate.manifest" /MANIFESTUAC:"level='asInvoker' uiAccess='false'" /DEBUG /PDB:"D:\Dropbox\Engine5\freeglut-2.8.0\progs\demos\x86\debug_static\shapes.pdb" /SUBSYSTEM:CONSOLE /TLBID:1 /DYNAMICBASE /NXCOMPAT /IMPLIB:"..\..\..\progs\demos\x86\debug_static\shapes.lib" /MACHINE:X86 Debug_Static\Win32_v100\shapes.exe.embed.manifest.res
         Debug_Static\Win32_v100\shapes.obj
       Manifest:
         C:\Program Files\Microsoft SDKs\Windows\v7.0A\bin\mt.exe /nologo /verbose /out:"Debug_Static\Win32_v100\shapes.exe.embed.manifest" /manifest Debug_Static\Win32_v100\shapes.exe.intermediate.manifest
         C:\Program Files\Microsoft SDKs\Windows\v7.0A\bin\rc.exe /nologo /fo"Debug_Static\Win32_v100\shapes.exe.embed.manifest.res" Debug_Static\Win32_v100\shapes_manifest.rc 
       LinkEmbedManifest:
         c:\Program Files\Microsoft Visual Studio 10.0\VC\bin\link.exe /ERRORREPORT:PROMPT /OUT:"..\..\..\progs\demos\x86\debug_static\shapes.exe" /INCREMENTAL /NOLOGO /LIBPATH:..\..\..\lib\x86\debug\ kernel32.lib user32.lib gdi32.lib winspool.lib comdlg32.lib advapi32.lib shell32.lib ole32.lib oleaut32.lib uuid.lib odbc32.lib odbccp32.lib /MANIFEST /ManifestFile:"Debug_Static\Win32_v100\shapes.exe.intermediate.manifest" /MANIFESTUAC:"level='asInvoker' uiAccess='false'" /DEBUG /PDB:"D:\Dropbox\Engine5\freeglut-2.8.0\progs\demos\x86\debug_static\shapes.pdb" /SUBSYSTEM:CONSOLE /TLBID:1 /DYNAMICBASE /NXCOMPAT /IMPLIB:"..\..\..\progs\demos\x86\debug_static\shapes.lib" /MACHINE:X86 Debug_Static\Win32_v100\shapes.exe.embed.manifest.res
         Debug_Static\Win32_v100\shapes.obj
         shapes.vcxproj -> D:\Dropbox\Engine5\freeglut-2.8.0\VisualStudio\2010\shapes\..\..\..\progs\demos\x86\debug_static\shapes.exe
       FinalizeBuildStatus:
         正在删除文件“Debug_Static\Win32_v100\shapes.unsuccessfulbuild”。
         正在对“Debug_Static\Win32_v100\shapes.lastbuildstate”执行 Touch 任务。
     1>已完成生成项目“D:\Dropbox\Engine5\freeglut-2.8.0\VisualStudio\2010\shapes\shapes.vcxproj”(build 个目标)的操作。

生成成功。

已用时间 00:00:03.07
