生成启动时间为 2012/2/26 20:17:46。
     1>项目“D:\Dropbox\Engine5\freeglut-2.8.0\VisualStudio\2010\freeglut.vcxproj”在节点 2 上(build 个目标)。
     1>InitializeBuildStatus:
         正在创建“build\Debug_Static\Win32_v100\freeglut.unsuccessfulbuild”，因为已指定“AlwaysCreate”。
       ClCompile:
         c:\Program Files\Microsoft Visual Studio 10.0\VC\bin\CL.exe /c /I..\..\include /ZI /nologo /W3 /WX- /Od /Oy- /D _DEBUG /D FREEGLUT_STATIC /D WIN32 /D _LIB /D _MBCS /Gm /EHsc /RTC1 /MTd /GS /fp:precise /Zc:wchar_t /Zc:forScope /Fo"build\Debug_Static\Win32_v100\\" /Fd"build\Debug_Static\Win32_v100\vc100.pdb" /Gd /TC /wd4996 /analyze- /errorReport:prompt ..\..\src\freeglut_callbacks.c ..\..\src\freeglut_cursor.c ..\..\src\freeglut_display.c ..\..\src\freeglut_ext.c ..\..\src\freeglut_font.c ..\..\src\freeglut_font_data.c ..\..\src\freeglut_gamemode.c ..\..\src\freeglut_geometry.c ..\..\src\freeglut_glutfont_definitions.c ..\..\src\freeglut_init.c ..\..\src\freeglut_input_devices.c ..\..\src\freeglut_joystick.c ..\..\src\freeglut_main.c ..\..\src\freeglut_menu.c ..\..\src\freeglut_misc.c ..\..\src\freeglut_overlay.c ..\..\src\freeglut_spaceball.c ..\..\src\freeglut_state.c ..\..\src\freeglut_stroke_mono_roman.c ..\..\src\freeglut_stroke_roman.c ..\..\src\freeglut_structure.c ..\..\src\freeglut_teapot.c ..\..\src\freeglut_videoresize.c ..\..\src\freeglut_window.c
         freeglut_window.c
         fgSetupPixelFormat(): there is still some work to do here!
         freeglut_videoresize.c
         freeglut_teapot.c
         freeglut_structure.c
         freeglut_stroke_roman.c
         freeglut_stroke_mono_roman.c
         freeglut_state.c
         freeglut_spaceball.c
         freeglut_overlay.c
         freeglut_misc.c
         freeglut_menu.c
         freeglut_main.c
         freeglut_joystick.c
         freeglut_input_devices.c
         freeglut_init.c
         freeglut_glutfont_definitions.c
         freeglut_geometry.c
         freeglut_gamemode.c
         freeglut_font_data.c
         freeglut_font.c
         正在生成代码...
         正在编译...
         freeglut_ext.c
         freeglut_display.c
         freeglut_cursor.c
         freeglut_callbacks.c
         正在生成代码...
       ResourceCompile:
         C:\Program Files\Microsoft SDKs\Windows\v7.0A\bin\rc.exe /D _DEBUG /l"0x0409" /nologo /fo"build\Debug_Static\Win32_v100\freeglut.res" ..\..\freeglut.rc 
       Lib:
         c:\Program Files\Microsoft Visual Studio 10.0\VC\bin\Lib.exe /OUT:"..\..\lib\x86\Debug\freeglut_static.lib" /NOLOGO /MACHINE:X86 build\Debug_Static\Win32_v100\freeglut.res
         build\Debug_Static\Win32_v100\freeglut_callbacks.obj
         build\Debug_Static\Win32_v100\freeglut_cursor.obj
         build\Debug_Static\Win32_v100\freeglut_display.obj
         build\Debug_Static\Win32_v100\freeglut_ext.obj
         build\Debug_Static\Win32_v100\freeglut_font.obj
         build\Debug_Static\Win32_v100\freeglut_font_data.obj
         build\Debug_Static\Win32_v100\freeglut_gamemode.obj
         build\Debug_Static\Win32_v100\freeglut_geometry.obj
         build\Debug_Static\Win32_v100\freeglut_glutfont_definitions.obj
         build\Debug_Static\Win32_v100\freeglut_init.obj
         build\Debug_Static\Win32_v100\freeglut_input_devices.obj
         build\Debug_Static\Win32_v100\freeglut_joystick.obj
         build\Debug_Static\Win32_v100\freeglut_main.obj
         build\Debug_Static\Win32_v100\freeglut_menu.obj
         build\Debug_Static\Win32_v100\freeglut_misc.obj
         build\Debug_Static\Win32_v100\freeglut_overlay.obj
         build\Debug_Static\Win32_v100\freeglut_spaceball.obj
         build\Debug_Static\Win32_v100\freeglut_state.obj
         build\Debug_Static\Win32_v100\freeglut_stroke_mono_roman.obj
         build\Debug_Static\Win32_v100\freeglut_stroke_roman.obj
         build\Debug_Static\Win32_v100\freeglut_structure.obj
         build\Debug_Static\Win32_v100\freeglut_teapot.obj
         build\Debug_Static\Win32_v100\freeglut_videoresize.obj
         build\Debug_Static\Win32_v100\freeglut_window.obj
         freeglut.vcxproj -> D:\Dropbox\Engine5\freeglut-2.8.0\VisualStudio\2010\..\..\lib\x86\Debug\freeglut_static.lib
       FinalizeBuildStatus:
         正在删除文件“build\Debug_Static\Win32_v100\freeglut.unsuccessfulbuild”。
         正在对“build\Debug_Static\Win32_v100\freeglut.lastbuildstate”执行 Touch 任务。
     1>已完成生成项目“D:\Dropbox\Engine5\freeglut-2.8.0\VisualStudio\2010\freeglut.vcxproj”(build 个目标)的操作。

生成成功。

已用时间 00:00:09.04
