d:\v5\build\win\2d\debug\canvas.obj
d:\v5\build\win\2d\debug\gl.obj
d:\v5\build\win\2d\debug\mathematics.obj
d:\v5\build\win\2d\debug\matrix3.obj
d:\v5\build\win\2d\debug\matrix4.obj
d:\v5\build\win\2d\debug\uicomponent.obj
d:\v5\build\win\2d\debug\uiroot.obj
d:\v5\build\win\2d\debug\vector3.obj
d:\v5\build\win\2d\debug\vector4.obj
d:\v5\build\win\2d\debug\main.obj
d:\v5\build\win\2d\debug\vc100.pdb
d:\v5\build\win\debug\2d.ilk
d:\v5\build\win\debug\2d.exe
d:\v5\build\win\2d\debug\2d.exe.intermediate.manifest
d:\v5\build\win\debug\2d.pdb
d:\v5\build\win\2d\debug\cl.command.1.tlog
d:\v5\build\win\2d\debug\cl.read.1.tlog
d:\v5\build\win\2d\debug\cl.write.1.tlog
d:\v5\build\win\2d\debug\link.command.1.tlog
d:\v5\build\win\2d\debug\link.read.1.tlog
d:\v5\build\win\2d\debug\link.write.1.tlog
d:\v5\build\win\2d\debug\mt.command.1.tlog
d:\v5\build\win\2d\debug\mt.read.1.tlog
d:\v5\build\win\2d\debug\mt.write.1.tlog
d:\v5\build\win\2d\debug\vc100.idb
