d:\v5\build\win\math\debug\mathematics.obj
d:\v5\build\win\math\debug\matrix2.obj
d:\v5\build\win\math\debug\matrix3.obj
d:\v5\build\win\math\debug\matrix4.obj
d:\v5\build\win\math\debug\vector2.obj
d:\v5\build\win\math\debug\vector3.obj
d:\v5\build\win\math\debug\vector4.obj
d:\v5\build\win\math\debug\main.obj
d:\v5\build\win\math\debug\vc100.pdb
d:\v5\build\win\debug\math.ilk
d:\v5\build\win\debug\math.exe
d:\v5\build\win\math\debug\math.exe.intermediate.manifest
d:\v5\build\win\debug\math.pdb
d:\v5\build\win\math\debug\cl.command.1.tlog
d:\v5\build\win\math\debug\cl.read.1.tlog
d:\v5\build\win\math\debug\cl.write.1.tlog
d:\v5\build\win\math\debug\link.command.1.tlog
d:\v5\build\win\math\debug\link.read.1.tlog
d:\v5\build\win\math\debug\link.write.1.tlog
d:\v5\build\win\math\debug\mt.command.1.tlog
d:\v5\build\win\math\debug\mt.read.1.tlog
d:\v5\build\win\math\debug\mt.write.1.tlog
d:\v5\build\win\math\debug\vc100.idb
