d:\v5\build\win\graphics\debug\canvas.obj
d:\v5\build\win\graphics\debug\gl.obj
d:\v5\build\win\graphics\debug\mathematics.obj
d:\v5\build\win\graphics\debug\matrix3.obj
d:\v5\build\win\graphics\debug\matrix4.obj
d:\v5\build\win\graphics\debug\vector3.obj
d:\v5\build\win\graphics\debug\vector4.obj
d:\v5\build\win\graphics\debug\main.obj
d:\v5\build\win\graphics\debug\vc100.pdb
d:\v5\build\win\debug\graphics.exe
d:\v5\build\win\debug\graphics.pdb
d:\v5\build\win\graphics\debug\graphics.vcxprojresolveassemblyreference.cache
d:\v5\build\win\graphics\debug\cl.command.1.tlog
d:\v5\build\win\graphics\debug\cl.read.1.tlog
d:\v5\build\win\graphics\debug\cl.write.1.tlog
d:\v5\build\win\graphics\debug\graphics.write.1.tlog
d:\v5\build\win\graphics\debug\link.command.1.tlog
d:\v5\build\win\graphics\debug\link.read.1.tlog
d:\v5\build\win\graphics\debug\link.write.1.tlog
d:\v5\build\win\graphics\debug\vc100.idb
