D:\DROPBOX\V5\BUILD\WIN\DEBUG\GRAPHICS.EXE
D:\DROPBOX\V5\BUILD\WIN\DEBUG\GRAPHICS.ILK
D:\DROPBOX\V5\BUILD\WIN\DEBUG\GRAPHICS.PDB
D:\DROPBOX\V5\BUILD\WIN\GRAPHICS\DEBUG\CANVAS.OBJ
D:\Dropbox\V5\Build\Win\Graphics\Debug\cl.command.1.tlog
D:\Dropbox\V5\Build\Win\Graphics\Debug\CL.read.1.tlog
D:\Dropbox\V5\Build\Win\Graphics\Debug\CL.write.1.tlog
D:\DROPBOX\V5\BUILD\WIN\GRAPHICS\DEBUG\GL.OBJ
D:\Dropbox\V5\Build\Win\Graphics\Debug\link.2044.read.1.tlog
D:\Dropbox\V5\Build\Win\Graphics\Debug\link.2044.write.1.tlog
D:\Dropbox\V5\Build\Win\Graphics\Debug\link.248.read.1.tlog
D:\Dropbox\V5\Build\Win\Graphics\Debug\link.248.write.1.tlog
D:\Dropbox\V5\Build\Win\Graphics\Debug\link.2548.read.1.tlog
D:\Dropbox\V5\Build\Win\Graphics\Debug\link.2548.write.1.tlog
D:\Dropbox\V5\Build\Win\Graphics\Debug\link.3908.read.1.tlog
D:\Dropbox\V5\Build\Win\Graphics\Debug\link.3908.write.1.tlog
D:\Dropbox\V5\Build\Win\Graphics\Debug\link.3936.read.1.tlog
D:\Dropbox\V5\Build\Win\Graphics\Debug\link.3936.write.1.tlog
D:\Dropbox\V5\Build\Win\Graphics\Debug\link.4052.read.1.tlog
D:\Dropbox\V5\Build\Win\Graphics\Debug\link.4052.write.1.tlog
D:\Dropbox\V5\Build\Win\Graphics\Debug\link.4312.read.1.tlog
D:\Dropbox\V5\Build\Win\Graphics\Debug\link.4312.write.1.tlog
D:\Dropbox\V5\Build\Win\Graphics\Debug\link.4412.read.1.tlog
D:\Dropbox\V5\Build\Win\Graphics\Debug\link.4412.write.1.tlog
D:\Dropbox\V5\Build\Win\Graphics\Debug\link.4544.read.1.tlog
D:\Dropbox\V5\Build\Win\Graphics\Debug\link.4544.write.1.tlog
D:\Dropbox\V5\Build\Win\Graphics\Debug\link.4596.read.1.tlog
D:\Dropbox\V5\Build\Win\Graphics\Debug\link.4596.write.1.tlog
D:\Dropbox\V5\Build\Win\Graphics\Debug\link.4972.read.1.tlog
D:\Dropbox\V5\Build\Win\Graphics\Debug\link.4972.write.1.tlog
D:\Dropbox\V5\Build\Win\Graphics\Debug\link.5020.read.1.tlog
D:\Dropbox\V5\Build\Win\Graphics\Debug\link.5020.write.1.tlog
D:\Dropbox\V5\Build\Win\Graphics\Debug\link.5136.read.1.tlog
D:\Dropbox\V5\Build\Win\Graphics\Debug\link.5136.write.1.tlog
D:\Dropbox\V5\Build\Win\Graphics\Debug\link.5184.read.1.tlog
D:\Dropbox\V5\Build\Win\Graphics\Debug\link.5184.write.1.tlog
D:\Dropbox\V5\Build\Win\Graphics\Debug\link.5332.read.1.tlog
D:\Dropbox\V5\Build\Win\Graphics\Debug\link.5332.write.1.tlog
D:\Dropbox\V5\Build\Win\Graphics\Debug\link.5428.read.1.tlog
D:\Dropbox\V5\Build\Win\Graphics\Debug\link.5428.write.1.tlog
D:\Dropbox\V5\Build\Win\Graphics\Debug\link.5464.read.1.tlog
D:\Dropbox\V5\Build\Win\Graphics\Debug\link.5464.write.1.tlog
D:\Dropbox\V5\Build\Win\Graphics\Debug\link.5668.read.1.tlog
D:\Dropbox\V5\Build\Win\Graphics\Debug\link.5668.write.1.tlog
D:\Dropbox\V5\Build\Win\Graphics\Debug\link.5716.read.1.tlog
D:\Dropbox\V5\Build\Win\Graphics\Debug\link.5716.write.1.tlog
D:\Dropbox\V5\Build\Win\Graphics\Debug\link.5744.read.1.tlog
D:\Dropbox\V5\Build\Win\Graphics\Debug\link.5744.write.1.tlog
D:\Dropbox\V5\Build\Win\Graphics\Debug\link.command.1.tlog
D:\Dropbox\V5\Build\Win\Graphics\Debug\link.read.1.tlog
D:\Dropbox\V5\Build\Win\Graphics\Debug\link.write.1.tlog
D:\DROPBOX\V5\BUILD\WIN\GRAPHICS\DEBUG\MAIN.OBJ
D:\DROPBOX\V5\BUILD\WIN\GRAPHICS\DEBUG\MATHEMATICS.OBJ
D:\DROPBOX\V5\BUILD\WIN\GRAPHICS\DEBUG\MATRIX3.OBJ
D:\DROPBOX\V5\BUILD\WIN\GRAPHICS\DEBUG\MATRIX4.OBJ
D:\Dropbox\V5\Build\Win\Graphics\Debug\vc100.idb
D:\DROPBOX\V5\BUILD\WIN\GRAPHICS\DEBUG\VC100.PDB
D:\DROPBOX\V5\BUILD\WIN\GRAPHICS\DEBUG\VECTOR3.OBJ
D:\DROPBOX\V5\BUILD\WIN\GRAPHICS\DEBUG\VECTOR4.OBJ
